<?xml version="1.0" encoding="UTF-8"?>
<!-- Generated by org.testng.reporters.JUnitXMLReporter -->
<testsuite ignored="1" hostname="raj-pc" failures="1" tests="2" name="Error validation test" time="3.464" errors="0" timestamp="2025-05-02T20:40:05 IST">
  <testcase classname="ecommerce.tests.Errorvalidationtest" name="testnegativelogin" time="0.005">
    <skipped/>
  </testcase> <!-- testnegativelogin -->
  <testcase classname="ecommerce.tests.Errorvalidationtest" name="testnegativelogin" time="0.001">
    <failure type="java.lang.NullPointerException" message="Cannot invoke &amp;quot;ecommerce.pageobjects.Landingpage.LoginApplication(String, String)&amp;quot; because &amp;quot;this.landingpage&amp;quot; is null">
      <![CDATA[java.lang.NullPointerException: Cannot invoke "ecommerce.pageobjects.Landingpage.LoginApplication(String, String)" because "this.landingpage" is null
at ecommerce.tests.Errorvalidationtest.testnegativelogin(Errorvalidationtest.java:24)
at java.base/java.util.ArrayList.forEach(ArrayList.java:1597)
at java.base/java.util.concurrent.FutureTask.run(FutureTask.java:317)
at java.base/java.util.concurrent.ThreadPoolExecutor.runWorker(ThreadPoolExecutor.java:1144)
at java.base/java.util.concurrent.ThreadPoolExecutor$Worker.run(ThreadPoolExecutor.java:642)
at java.base/java.lang.Thread.run(Thread.java:1575)
... Removed 15 stack frames]]>
    </failure>
  </testcase> <!-- testnegativelogin -->
  <testcase classname="ecommerce.tests.Errorvalidationtest" name="testnegativeproduct" time="0.0">
    <ignored/>
  </testcase> <!-- testnegativeproduct -->
</testsuite> <!-- Error validation test -->
